2014-01-22 11:47:07,550 - Starting Jakarta Velocity v1.4
2014-01-22 11:47:07,550 - RuntimeInstance initializing.
2014-01-22 11:47:07,550 - Default Properties File: org\apache\velocity\runtime\defaults\velocity.properties
2014-01-22 11:47:07,550 - Trying to use logger class org.apache.velocity.runtime.log.SimpleLog4JLogSystem
2014-01-22 11:47:07,551 - Using logger class org.apache.velocity.runtime.log.SimpleLog4JLogSystem
2014-01-22 11:47:07,553 - Default ResourceManager initializing. (class org.apache.velocity.runtime.resource.ResourceManagerImpl)
2014-01-22 11:47:07,555 - Resource Loader Instantiated: org.apache.velocity.runtime.resource.loader.ClasspathResourceLoader
2014-01-22 11:47:07,555 - ClasspathResourceLoader : initialization starting.
2014-01-22 11:47:07,555 - ClasspathResourceLoader : initialization complete.
2014-01-22 11:47:07,557 - ResourceCache : initialized. (class org.apache.velocity.runtime.resource.ResourceCacheImpl)
2014-01-22 11:47:07,557 - Default ResourceManager initialization complete.
2014-01-22 11:47:07,558 - Loaded System Directive: org.apache.velocity.runtime.directive.Literal
2014-01-22 11:47:07,559 - Loaded System Directive: org.apache.velocity.runtime.directive.Macro
2014-01-22 11:47:07,561 - Loaded System Directive: org.apache.velocity.runtime.directive.Parse
2014-01-22 11:47:07,562 - Loaded System Directive: org.apache.velocity.runtime.directive.Include
2014-01-22 11:47:07,563 - Loaded System Directive: org.apache.velocity.runtime.directive.Foreach
2014-01-22 11:47:07,582 - Created: 20 parsers.
2014-01-22 11:47:07,587 - Velocimacro : initialization starting.
2014-01-22 11:47:07,587 - Velocimacro : adding VMs from VM library template : VM_global_library.vm
2014-01-22 11:47:07,600 - ResourceManager : unable to find resource 'VM_global_library.vm' in any resource loader.
2014-01-22 11:47:07,600 - Velocimacro : error using  VM library template VM_global_library.vm : org.apache.velocity.exception.ResourceNotFoundException: Unable to find resource 'VM_global_library.vm'
2014-01-22 11:47:07,600 - Velocimacro :  VM library template macro registration complete.
2014-01-22 11:47:07,600 - Velocimacro : allowInline = true : VMs can be defined inline in templates
2014-01-22 11:47:07,600 - Velocimacro : allowInlineToOverride = false : VMs defined inline may NOT replace previous VM definitions
2014-01-22 11:47:07,600 - Velocimacro : allowInlineLocal = false : VMs defined inline will be  global in scope if allowed.
2014-01-22 11:47:07,600 - Velocimacro : messages on  : VM system will output logging messages
2014-01-22 11:47:07,600 - Velocimacro : autoload off  : VM system will not automatically reload global library macros
2014-01-22 11:47:07,600 - Velocimacro : initialization complete.
2014-01-22 11:47:07,600 - Velocity successfully started.
2014-01-22 11:48:59,518 - SimpleLog4JLogSystem initialized using logfile 'velocity.log'
2014-01-22 11:48:59,518 - ************************************************************** 
2014-01-22 11:48:59,518 - Starting Jakarta Velocity v1.4
2014-01-22 11:48:59,518 - RuntimeInstance initializing.
2014-01-22 11:48:59,518 - Default Properties File: org\apache\velocity\runtime\defaults\velocity.properties
2014-01-22 11:48:59,518 - Trying to use logger class org.apache.velocity.runtime.log.SimpleLog4JLogSystem
2014-01-22 11:48:59,518 - Using logger class org.apache.velocity.runtime.log.SimpleLog4JLogSystem
2014-01-22 11:48:59,520 - Default ResourceManager initializing. (class org.apache.velocity.runtime.resource.ResourceManagerImpl)
2014-01-22 11:48:59,522 - Resource Loader Instantiated: org.apache.velocity.runtime.resource.loader.ClasspathResourceLoader
2014-01-22 11:48:59,522 - ClasspathResourceLoader : initialization starting.
2014-01-22 11:48:59,522 - ClasspathResourceLoader : initialization complete.
2014-01-22 11:48:59,523 - ResourceCache : initialized. (class org.apache.velocity.runtime.resource.ResourceCacheImpl)
2014-01-22 11:48:59,524 - Default ResourceManager initialization complete.
2014-01-22 11:48:59,525 - Loaded System Directive: org.apache.velocity.runtime.directive.Literal
2014-01-22 11:48:59,526 - Loaded System Directive: org.apache.velocity.runtime.directive.Macro
2014-01-22 11:48:59,528 - Loaded System Directive: org.apache.velocity.runtime.directive.Parse
2014-01-22 11:48:59,529 - Loaded System Directive: org.apache.velocity.runtime.directive.Include
2014-01-22 11:48:59,530 - Loaded System Directive: org.apache.velocity.runtime.directive.Foreach
2014-01-22 11:48:59,549 - Created: 20 parsers.
2014-01-22 11:48:59,554 - Velocimacro : initialization starting.
2014-01-22 11:48:59,554 - Velocimacro : adding VMs from VM library template : VM_global_library.vm
2014-01-22 11:48:59,558 - ResourceManager : unable to find resource 'VM_global_library.vm' in any resource loader.
2014-01-22 11:48:59,558 - Velocimacro : error using  VM library template VM_global_library.vm : org.apache.velocity.exception.ResourceNotFoundException: Unable to find resource 'VM_global_library.vm'
2014-01-22 11:48:59,558 - Velocimacro :  VM library template macro registration complete.
2014-01-22 11:48:59,558 - Velocimacro : allowInline = true : VMs can be defined inline in templates
2014-01-22 11:48:59,558 - Velocimacro : allowInlineToOverride = false : VMs defined inline may NOT replace previous VM definitions
2014-01-22 11:48:59,558 - Velocimacro : allowInlineLocal = false : VMs defined inline will be  global in scope if allowed.
2014-01-22 11:48:59,559 - Velocimacro : messages on  : VM system will output logging messages
2014-01-22 11:48:59,559 - Velocimacro : autoload off  : VM system will not automatically reload global library macros
2014-01-22 11:48:59,559 - Velocimacro : initialization complete.
2014-01-22 11:48:59,559 - Velocity successfully started.
2014-01-22 11:55:48,081 - SimpleLog4JLogSystem initialized using logfile 'velocity.log'
2014-01-22 11:55:48,081 - ************************************************************** 
2014-01-22 11:55:48,081 - Starting Jakarta Velocity v1.4
2014-01-22 11:55:48,081 - RuntimeInstance initializing.
2014-01-22 11:55:48,081 - Default Properties File: org\apache\velocity\runtime\defaults\velocity.properties
2014-01-22 11:55:48,081 - Trying to use logger class org.apache.velocity.runtime.log.SimpleLog4JLogSystem
2014-01-22 11:55:48,081 - Using logger class org.apache.velocity.runtime.log.SimpleLog4JLogSystem
2014-01-22 11:55:48,083 - Default ResourceManager initializing. (class org.apache.velocity.runtime.resource.ResourceManagerImpl)
2014-01-22 11:55:48,085 - Resource Loader Instantiated: org.apache.velocity.runtime.resource.loader.ClasspathResourceLoader
2014-01-22 11:55:48,085 - ClasspathResourceLoader : initialization starting.
2014-01-22 11:55:48,085 - ClasspathResourceLoader : initialization complete.
2014-01-22 11:55:48,086 - ResourceCache : initialized. (class org.apache.velocity.runtime.resource.ResourceCacheImpl)
2014-01-22 11:55:48,086 - Default ResourceManager initialization complete.
2014-01-22 11:55:48,088 - Loaded System Directive: org.apache.velocity.runtime.directive.Literal
2014-01-22 11:55:48,089 - Loaded System Directive: org.apache.velocity.runtime.directive.Macro
2014-01-22 11:55:48,091 - Loaded System Directive: org.apache.velocity.runtime.directive.Parse
2014-01-22 11:55:48,092 - Loaded System Directive: org.apache.velocity.runtime.directive.Include
2014-01-22 11:55:48,093 - Loaded System Directive: org.apache.velocity.runtime.directive.Foreach
2014-01-22 11:55:48,112 - Created: 20 parsers.
2014-01-22 11:55:48,117 - Velocimacro : initialization starting.
2014-01-22 11:55:48,117 - Velocimacro : adding VMs from VM library template : VM_global_library.vm
2014-01-22 11:55:48,122 - ResourceManager : unable to find resource 'VM_global_library.vm' in any resource loader.
2014-01-22 11:55:48,122 - Velocimacro : error using  VM library template VM_global_library.vm : org.apache.velocity.exception.ResourceNotFoundException: Unable to find resource 'VM_global_library.vm'
2014-01-22 11:55:48,122 - Velocimacro :  VM library template macro registration complete.
2014-01-22 11:55:48,122 - Velocimacro : allowInline = true : VMs can be defined inline in templates
2014-01-22 11:55:48,122 - Velocimacro : allowInlineToOverride = false : VMs defined inline may NOT replace previous VM definitions
2014-01-22 11:55:48,122 - Velocimacro : allowInlineLocal = false : VMs defined inline will be  global in scope if allowed.
2014-01-22 11:55:48,122 - Velocimacro : messages on  : VM system will output logging messages
2014-01-22 11:55:48,122 - Velocimacro : autoload off  : VM system will not automatically reload global library macros
2014-01-22 11:55:48,122 - Velocimacro : initialization complete.
2014-01-22 11:55:48,122 - Velocity successfully started.
2014-01-22 11:58:27,884 - SimpleLog4JLogSystem initialized using logfile 'velocity.log'
2014-01-22 11:58:27,884 - ************************************************************** 
2014-01-22 11:58:27,884 - Starting Jakarta Velocity v1.4
2014-01-22 11:58:27,884 - RuntimeInstance initializing.
2014-01-22 11:58:27,884 - Default Properties File: org\apache\velocity\runtime\defaults\velocity.properties
2014-01-22 11:58:27,884 - Trying to use logger class org.apache.velocity.runtime.log.SimpleLog4JLogSystem
2014-01-22 11:58:27,884 - Using logger class org.apache.velocity.runtime.log.SimpleLog4JLogSystem
2014-01-22 11:58:27,886 - Default ResourceManager initializing. (class org.apache.velocity.runtime.resource.ResourceManagerImpl)
2014-01-22 11:58:27,888 - Resource Loader Instantiated: org.apache.velocity.runtime.resource.loader.ClasspathResourceLoader
2014-01-22 11:58:27,888 - ClasspathResourceLoader : initialization starting.
2014-01-22 11:58:27,888 - ClasspathResourceLoader : initialization complete.
2014-01-22 11:58:27,889 - ResourceCache : initialized. (class org.apache.velocity.runtime.resource.ResourceCacheImpl)
2014-01-22 11:58:27,889 - Default ResourceManager initialization complete.
2014-01-22 11:58:27,890 - Loaded System Directive: org.apache.velocity.runtime.directive.Literal
2014-01-22 11:58:27,892 - Loaded System Directive: org.apache.velocity.runtime.directive.Macro
2014-01-22 11:58:27,894 - Loaded System Directive: org.apache.velocity.runtime.directive.Parse
2014-01-22 11:58:27,895 - Loaded System Directive: org.apache.velocity.runtime.directive.Include
2014-01-22 11:58:27,896 - Loaded System Directive: org.apache.velocity.runtime.directive.Foreach
2014-01-22 11:58:27,915 - Created: 20 parsers.
2014-01-22 11:58:27,920 - Velocimacro : initialization starting.
2014-01-22 11:58:27,920 - Velocimacro : adding VMs from VM library template : VM_global_library.vm
2014-01-22 11:58:27,925 - ResourceManager : unable to find resource 'VM_global_library.vm' in any resource loader.
2014-01-22 11:58:27,925 - Velocimacro : error using  VM library template VM_global_library.vm : org.apache.velocity.exception.ResourceNotFoundException: Unable to find resource 'VM_global_library.vm'
2014-01-22 11:58:27,925 - Velocimacro :  VM library template macro registration complete.
2014-01-22 11:58:27,925 - Velocimacro : allowInline = true : VMs can be defined inline in templates
2014-01-22 11:58:27,925 - Velocimacro : allowInlineToOverride = false : VMs defined inline may NOT replace previous VM definitions
2014-01-22 11:58:27,925 - Velocimacro : allowInlineLocal = false : VMs defined inline will be  global in scope if allowed.
2014-01-22 11:58:27,925 - Velocimacro : messages on  : VM system will output logging messages
2014-01-22 11:58:27,925 - Velocimacro : autoload off  : VM system will not automatically reload global library macros
2014-01-22 11:58:27,925 - Velocimacro : initialization complete.
2014-01-22 11:58:27,925 - Velocity successfully started.
2014-01-22 12:00:03,684 - SimpleLog4JLogSystem initialized using logfile 'velocity.log'
2014-01-22 12:00:03,684 - ************************************************************** 
2014-01-22 12:00:03,685 - Starting Jakarta Velocity v1.4
2014-01-22 12:00:03,685 - RuntimeInstance initializing.
2014-01-22 12:00:03,685 - Default Properties File: org\apache\velocity\runtime\defaults\velocity.properties
2014-01-22 12:00:03,685 - Trying to use logger class org.apache.velocity.runtime.log.SimpleLog4JLogSystem
2014-01-22 12:00:03,685 - Using logger class org.apache.velocity.runtime.log.SimpleLog4JLogSystem
2014-01-22 12:00:03,687 - Default ResourceManager initializing. (class org.apache.velocity.runtime.resource.ResourceManagerImpl)
2014-01-22 12:00:03,689 - Resource Loader Instantiated: org.apache.velocity.runtime.resource.loader.ClasspathResourceLoader
2014-01-22 12:00:03,689 - ClasspathResourceLoader : initialization starting.
2014-01-22 12:00:03,689 - ClasspathResourceLoader : initialization complete.
2014-01-22 12:00:03,690 - ResourceCache : initialized. (class org.apache.velocity.runtime.resource.ResourceCacheImpl)
2014-01-22 12:00:03,690 - Default ResourceManager initialization complete.
2014-01-22 12:00:03,691 - Loaded System Directive: org.apache.velocity.runtime.directive.Literal
2014-01-22 12:00:03,692 - Loaded System Directive: org.apache.velocity.runtime.directive.Macro
2014-01-22 12:00:03,694 - Loaded System Directive: org.apache.velocity.runtime.directive.Parse
2014-01-22 12:00:03,696 - Loaded System Directive: org.apache.velocity.runtime.directive.Include
2014-01-22 12:00:03,696 - Loaded System Directive: org.apache.velocity.runtime.directive.Foreach
2014-01-22 12:00:03,715 - Created: 20 parsers.
2014-01-22 12:00:03,721 - Velocimacro : initialization starting.
2014-01-22 12:00:03,721 - Velocimacro : adding VMs from VM library template : VM_global_library.vm
2014-01-22 12:00:03,725 - ResourceManager : unable to find resource 'VM_global_library.vm' in any resource loader.
2014-01-22 12:00:03,725 - Velocimacro : error using  VM library template VM_global_library.vm : org.apache.velocity.exception.ResourceNotFoundException: Unable to find resource 'VM_global_library.vm'
2014-01-22 12:00:03,725 - Velocimacro :  VM library template macro registration complete.
2014-01-22 12:00:03,725 - Velocimacro : allowInline = true : VMs can be defined inline in templates
2014-01-22 12:00:03,725 - Velocimacro : allowInlineToOverride = false : VMs defined inline may NOT replace previous VM definitions
2014-01-22 12:00:03,726 - Velocimacro : allowInlineLocal = false : VMs defined inline will be  global in scope if allowed.
2014-01-22 12:00:03,726 - Velocimacro : messages on  : VM system will output logging messages
2014-01-22 12:00:03,726 - Velocimacro : autoload off  : VM system will not automatically reload global library macros
2014-01-22 12:00:03,726 - Velocimacro : initialization complete.
2014-01-22 12:00:03,726 - Velocity successfully started.
2014-01-22 12:04:15,392 - SimpleLog4JLogSystem initialized using logfile 'velocity.log'
2014-01-22 12:04:15,392 - ************************************************************** 
2014-01-22 12:04:15,392 - Starting Jakarta Velocity v1.4
2014-01-22 12:04:15,392 - RuntimeInstance initializing.
2014-01-22 12:04:15,392 - Default Properties File: org\apache\velocity\runtime\defaults\velocity.properties
2014-01-22 12:04:15,392 - Trying to use logger class org.apache.velocity.runtime.log.SimpleLog4JLogSystem
2014-01-22 12:04:15,392 - Using logger class org.apache.velocity.runtime.log.SimpleLog4JLogSystem
2014-01-22 12:04:15,394 - Default ResourceManager initializing. (class org.apache.velocity.runtime.resource.ResourceManagerImpl)
2014-01-22 12:04:15,396 - Resource Loader Instantiated: org.apache.velocity.runtime.resource.loader.ClasspathResourceLoader
2014-01-22 12:04:15,396 - ClasspathResourceLoader : initialization starting.
2014-01-22 12:04:15,396 - ClasspathResourceLoader : initialization complete.
2014-01-22 12:04:15,397 - ResourceCache : initialized. (class org.apache.velocity.runtime.resource.ResourceCacheImpl)
2014-01-22 12:04:15,397 - Default ResourceManager initialization complete.
2014-01-22 12:04:15,399 - Loaded System Directive: org.apache.velocity.runtime.directive.Literal
2014-01-22 12:04:15,400 - Loaded System Directive: org.apache.velocity.runtime.directive.Macro
2014-01-22 12:04:15,402 - Loaded System Directive: org.apache.velocity.runtime.directive.Parse
2014-01-22 12:04:15,403 - Loaded System Directive: org.apache.velocity.runtime.directive.Include
2014-01-22 12:04:15,404 - Loaded System Directive: org.apache.velocity.runtime.directive.Foreach
2014-01-22 12:04:15,423 - Created: 20 parsers.
2014-01-22 12:04:15,428 - Velocimacro : initialization starting.
2014-01-22 12:04:15,428 - Velocimacro : adding VMs from VM library template : VM_global_library.vm
2014-01-22 12:04:15,433 - ResourceManager : unable to find resource 'VM_global_library.vm' in any resource loader.
2014-01-22 12:04:15,433 - Velocimacro : error using  VM library template VM_global_library.vm : org.apache.velocity.exception.ResourceNotFoundException: Unable to find resource 'VM_global_library.vm'
2014-01-22 12:04:15,433 - Velocimacro :  VM library template macro registration complete.
2014-01-22 12:04:15,433 - Velocimacro : allowInline = true : VMs can be defined inline in templates
2014-01-22 12:04:15,433 - Velocimacro : allowInlineToOverride = false : VMs defined inline may NOT replace previous VM definitions
2014-01-22 12:04:15,433 - Velocimacro : allowInlineLocal = false : VMs defined inline will be  global in scope if allowed.
2014-01-22 12:04:15,433 - Velocimacro : messages on  : VM system will output logging messages
2014-01-22 12:04:15,433 - Velocimacro : autoload off  : VM system will not automatically reload global library macros
2014-01-22 12:04:15,433 - Velocimacro : initialization complete.
2014-01-22 12:04:15,433 - Velocity successfully started.
2014-01-22 12:06:04,924 - SimpleLog4JLogSystem initialized using logfile 'velocity.log'
2014-01-22 12:06:04,924 - ************************************************************** 
2014-01-22 12:06:04,924 - Starting Jakarta Velocity v1.4
2014-01-22 12:06:04,924 - RuntimeInstance initializing.
2014-01-22 12:06:04,924 - Default Properties File: org\apache\velocity\runtime\defaults\velocity.properties
2014-01-22 12:06:04,924 - Trying to use logger class org.apache.velocity.runtime.log.SimpleLog4JLogSystem
2014-01-22 12:06:04,924 - Using logger class org.apache.velocity.runtime.log.SimpleLog4JLogSystem
2014-01-22 12:06:04,927 - Default ResourceManager initializing. (class org.apache.velocity.runtime.resource.ResourceManagerImpl)
2014-01-22 12:06:04,928 - Resource Loader Instantiated: org.apache.velocity.runtime.resource.loader.ClasspathResourceLoader
2014-01-22 12:06:04,928 - ClasspathResourceLoader : initialization starting.
2014-01-22 12:06:04,928 - ClasspathResourceLoader : initialization complete.
2014-01-22 12:06:04,930 - ResourceCache : initialized. (class org.apache.velocity.runtime.resource.ResourceCacheImpl)
2014-01-22 12:06:04,930 - Default ResourceManager initialization complete.
2014-01-22 12:06:04,931 - Loaded System Directive: org.apache.velocity.runtime.directive.Literal
2014-01-22 12:06:04,932 - Loaded System Directive: org.apache.velocity.runtime.directive.Macro
2014-01-22 12:06:04,934 - Loaded System Directive: org.apache.velocity.runtime.directive.Parse
2014-01-22 12:06:04,935 - Loaded System Directive: org.apache.velocity.runtime.directive.Include
2014-01-22 12:06:04,936 - Loaded System Directive: org.apache.velocity.runtime.directive.Foreach
2014-01-22 12:06:04,955 - Created: 20 parsers.
2014-01-22 12:06:04,960 - Velocimacro : initialization starting.
2014-01-22 12:06:04,960 - Velocimacro : adding VMs from VM library template : VM_global_library.vm
2014-01-22 12:06:04,965 - ResourceManager : unable to find resource 'VM_global_library.vm' in any resource loader.
2014-01-22 12:06:04,965 - Velocimacro : error using  VM library template VM_global_library.vm : org.apache.velocity.exception.ResourceNotFoundException: Unable to find resource 'VM_global_library.vm'
2014-01-22 12:06:04,965 - Velocimacro :  VM library template macro registration complete.
2014-01-22 12:06:04,965 - Velocimacro : allowInline = true : VMs can be defined inline in templates
2014-01-22 12:06:04,965 - Velocimacro : allowInlineToOverride = false : VMs defined inline may NOT replace previous VM definitions
2014-01-22 12:06:04,965 - Velocimacro : allowInlineLocal = false : VMs defined inline will be  global in scope if allowed.
2014-01-22 12:06:04,965 - Velocimacro : messages on  : VM system will output logging messages
2014-01-22 12:06:04,965 - Velocimacro : autoload off  : VM system will not automatically reload global library macros
2014-01-22 12:06:04,965 - Velocimacro : initialization complete.
2014-01-22 12:06:04,965 - Velocity successfully started.
2014-01-22 12:08:16,263 - SimpleLog4JLogSystem initialized using logfile 'velocity.log'
2014-01-22 12:08:16,264 - ************************************************************** 
2014-01-22 12:08:16,264 - Starting Jakarta Velocity v1.4
2014-01-22 12:08:16,264 - RuntimeInstance initializing.
2014-01-22 12:08:16,264 - Default Properties File: org\apache\velocity\runtime\defaults\velocity.properties
2014-01-22 12:08:16,264 - Trying to use logger class org.apache.velocity.runtime.log.SimpleLog4JLogSystem
2014-01-22 12:08:16,264 - Using logger class org.apache.velocity.runtime.log.SimpleLog4JLogSystem
2014-01-22 12:08:16,266 - Default ResourceManager initializing. (class org.apache.velocity.runtime.resource.ResourceManagerImpl)
2014-01-22 12:08:16,268 - Resource Loader Instantiated: org.apache.velocity.runtime.resource.loader.ClasspathResourceLoader
2014-01-22 12:08:16,268 - ClasspathResourceLoader : initialization starting.
2014-01-22 12:08:16,268 - ClasspathResourceLoader : initialization complete.
2014-01-22 12:08:16,270 - ResourceCache : initialized. (class org.apache.velocity.runtime.resource.ResourceCacheImpl)
2014-01-22 12:08:16,270 - Default ResourceManager initialization complete.
2014-01-22 12:08:16,271 - Loaded System Directive: org.apache.velocity.runtime.directive.Literal
2014-01-22 12:08:16,272 - Loaded System Directive: org.apache.velocity.runtime.directive.Macro
2014-01-22 12:08:16,274 - Loaded System Directive: org.apache.velocity.runtime.directive.Parse
2014-01-22 12:08:16,276 - Loaded System Directive: org.apache.velocity.runtime.directive.Include
2014-01-22 12:08:16,276 - Loaded System Directive: org.apache.velocity.runtime.directive.Foreach
2014-01-22 12:08:16,297 - Created: 20 parsers.
2014-01-22 12:08:16,303 - Velocimacro : initialization starting.
2014-01-22 12:08:16,303 - Velocimacro : adding VMs from VM library template : VM_global_library.vm
2014-01-22 12:08:16,307 - ResourceManager : unable to find resource 'VM_global_library.vm' in any resource loader.
2014-01-22 12:08:16,307 - Velocimacro : error using  VM library template VM_global_library.vm : org.apache.velocity.exception.ResourceNotFoundException: Unable to find resource 'VM_global_library.vm'
2014-01-22 12:08:16,307 - Velocimacro :  VM library template macro registration complete.
2014-01-22 12:08:16,307 - Velocimacro : allowInline = true : VMs can be defined inline in templates
2014-01-22 12:08:16,307 - Velocimacro : allowInlineToOverride = false : VMs defined inline may NOT replace previous VM definitions
2014-01-22 12:08:16,308 - Velocimacro : allowInlineLocal = false : VMs defined inline will be  global in scope if allowed.
2014-01-22 12:08:16,308 - Velocimacro : messages on  : VM system will output logging messages
2014-01-22 12:08:16,308 - Velocimacro : autoload off  : VM system will not automatically reload global library macros
2014-01-22 12:08:16,308 - Velocimacro : initialization complete.
2014-01-22 12:08:16,308 - Velocity successfully started.
2014-01-22 12:09:50,673 - SimpleLog4JLogSystem initialized using logfile 'velocity.log'
2014-01-22 12:09:50,673 - ************************************************************** 
2014-01-22 12:09:50,673 - Starting Jakarta Velocity v1.4
2014-01-22 12:09:50,673 - RuntimeInstance initializing.
2014-01-22 12:09:50,673 - Default Properties File: org\apache\velocity\runtime\defaults\velocity.properties
2014-01-22 12:09:50,673 - Trying to use logger class org.apache.velocity.runtime.log.SimpleLog4JLogSystem
2014-01-22 12:09:50,673 - Using logger class org.apache.velocity.runtime.log.SimpleLog4JLogSystem
2014-01-22 12:09:50,675 - Default ResourceManager initializing. (class org.apache.velocity.runtime.resource.ResourceManagerImpl)
2014-01-22 12:09:50,677 - Resource Loader Instantiated: org.apache.velocity.runtime.resource.loader.ClasspathResourceLoader
2014-01-22 12:09:50,677 - ClasspathResourceLoader : initialization starting.
2014-01-22 12:09:50,677 - ClasspathResourceLoader : initialization complete.
2014-01-22 12:09:50,678 - ResourceCache : initialized. (class org.apache.velocity.runtime.resource.ResourceCacheImpl)
2014-01-22 12:09:50,678 - Default ResourceManager initialization complete.
2014-01-22 12:09:50,679 - Loaded System Directive: org.apache.velocity.runtime.directive.Literal
2014-01-22 12:09:50,680 - Loaded System Directive: org.apache.velocity.runtime.directive.Macro
2014-01-22 12:09:50,682 - Loaded System Directive: org.apache.velocity.runtime.directive.Parse
2014-01-22 12:09:50,684 - Loaded System Directive: org.apache.velocity.runtime.directive.Include
2014-01-22 12:09:50,684 - Loaded System Directive: org.apache.velocity.runtime.directive.Foreach
2014-01-22 12:09:50,703 - Created: 20 parsers.
2014-01-22 12:09:50,708 - Velocimacro : initialization starting.
2014-01-22 12:09:50,708 - Velocimacro : adding VMs from VM library template : VM_global_library.vm
2014-01-22 12:09:50,713 - ResourceManager : unable to find resource 'VM_global_library.vm' in any resource loader.
2014-01-22 12:09:50,713 - Velocimacro : error using  VM library template VM_global_library.vm : org.apache.velocity.exception.ResourceNotFoundException: Unable to find resource 'VM_global_library.vm'
2014-01-22 12:09:50,713 - Velocimacro :  VM library template macro registration complete.
2014-01-22 12:09:50,713 - Velocimacro : allowInline = true : VMs can be defined inline in templates
2014-01-22 12:09:50,713 - Velocimacro : allowInlineToOverride = false : VMs defined inline may NOT replace previous VM definitions
2014-01-22 12:09:50,713 - Velocimacro : allowInlineLocal = false : VMs defined inline will be  global in scope if allowed.
2014-01-22 12:09:50,713 - Velocimacro : messages on  : VM system will output logging messages
2014-01-22 12:09:50,713 - Velocimacro : autoload off  : VM system will not automatically reload global library macros
2014-01-22 12:09:50,713 - Velocimacro : initialization complete.
2014-01-22 12:09:50,713 - Velocity successfully started.
2014-01-22 12:11:33,483 - SimpleLog4JLogSystem initialized using logfile 'velocity.log'
2014-01-22 12:11:33,483 - ************************************************************** 
2014-01-22 12:11:33,483 - Starting Jakarta Velocity v1.4
2014-01-22 12:11:33,483 - RuntimeInstance initializing.
2014-01-22 12:11:33,483 - Default Properties File: org\apache\velocity\runtime\defaults\velocity.properties
2014-01-22 12:11:33,483 - Trying to use logger class org.apache.velocity.runtime.log.SimpleLog4JLogSystem
2014-01-22 12:11:33,483 - Using logger class org.apache.velocity.runtime.log.SimpleLog4JLogSystem
2014-01-22 12:11:33,485 - Default ResourceManager initializing. (class org.apache.velocity.runtime.resource.ResourceManagerImpl)
2014-01-22 12:11:33,487 - Resource Loader Instantiated: org.apache.velocity.runtime.resource.loader.ClasspathResourceLoader
2014-01-22 12:11:33,487 - ClasspathResourceLoader : initialization starting.
2014-01-22 12:11:33,487 - ClasspathResourceLoader : initialization complete.
2014-01-22 12:11:33,488 - ResourceCache : initialized. (class org.apache.velocity.runtime.resource.ResourceCacheImpl)
2014-01-22 12:11:33,488 - Default ResourceManager initialization complete.
2014-01-22 12:11:33,489 - Loaded System Directive: org.apache.velocity.runtime.directive.Literal
2014-01-22 12:11:33,491 - Loaded System Directive: org.apache.velocity.runtime.directive.Macro
2014-01-22 12:11:33,492 - Loaded System Directive: org.apache.velocity.runtime.directive.Parse
2014-01-22 12:11:33,494 - Loaded System Directive: org.apache.velocity.runtime.directive.Include
2014-01-22 12:11:33,494 - Loaded System Directive: org.apache.velocity.runtime.directive.Foreach
2014-01-22 12:11:33,513 - Created: 20 parsers.
2014-01-22 12:11:33,519 - Velocimacro : initialization starting.
2014-01-22 12:11:33,519 - Velocimacro : adding VMs from VM library template : VM_global_library.vm
2014-01-22 12:11:33,523 - ResourceManager : unable to find resource 'VM_global_library.vm' in any resource loader.
2014-01-22 12:11:33,523 - Velocimacro : error using  VM library template VM_global_library.vm : org.apache.velocity.exception.ResourceNotFoundException: Unable to find resource 'VM_global_library.vm'
2014-01-22 12:11:33,523 - Velocimacro :  VM library template macro registration complete.
2014-01-22 12:11:33,523 - Velocimacro : allowInline = true : VMs can be defined inline in templates
2014-01-22 12:11:33,523 - Velocimacro : allowInlineToOverride = false : VMs defined inline may NOT replace previous VM definitions
2014-01-22 12:11:33,523 - Velocimacro : allowInlineLocal = false : VMs defined inline will be  global in scope if allowed.
2014-01-22 12:11:33,524 - Velocimacro : messages on  : VM system will output logging messages
2014-01-22 12:11:33,524 - Velocimacro : autoload off  : VM system will not automatically reload global library macros
2014-01-22 12:11:33,524 - Velocimacro : initialization complete.
2014-01-22 12:11:33,524 - Velocity successfully started.
2014-01-22 12:14:55,137 - SimpleLog4JLogSystem initialized using logfile 'velocity.log'
2014-01-22 12:14:55,137 - ************************************************************** 
2014-01-22 12:14:55,137 - Starting Jakarta Velocity v1.4
2014-01-22 12:14:55,137 - RuntimeInstance initializing.
2014-01-22 12:14:55,137 - Default Properties File: org\apache\velocity\runtime\defaults\velocity.properties
2014-01-22 12:14:55,137 - Trying to use logger class org.apache.velocity.runtime.log.SimpleLog4JLogSystem
2014-01-22 12:14:55,137 - Using logger class org.apache.velocity.runtime.log.SimpleLog4JLogSystem
2014-01-22 12:14:55,139 - Default ResourceManager initializing. (class org.apache.velocity.runtime.resource.ResourceManagerImpl)
2014-01-22 12:14:55,141 - Resource Loader Instantiated: org.apache.velocity.runtime.resource.loader.ClasspathResourceLoader
2014-01-22 12:14:55,141 - ClasspathResourceLoader : initialization starting.
2014-01-22 12:14:55,141 - ClasspathResourceLoader : initialization complete.
2014-01-22 12:14:55,143 - ResourceCache : initialized. (class org.apache.velocity.runtime.resource.ResourceCacheImpl)
2014-01-22 12:14:55,143 - Default ResourceManager initialization complete.
2014-01-22 12:14:55,144 - Loaded System Directive: org.apache.velocity.runtime.directive.Literal
2014-01-22 12:14:55,145 - Loaded System Directive: org.apache.velocity.runtime.directive.Macro
2014-01-22 12:14:55,147 - Loaded System Directive: org.apache.velocity.runtime.directive.Parse
2014-01-22 12:14:55,148 - Loaded System Directive: org.apache.velocity.runtime.directive.Include
2014-01-22 12:14:55,149 - Loaded System Directive: org.apache.velocity.runtime.directive.Foreach
2014-01-22 12:14:55,168 - Created: 20 parsers.
2014-01-22 12:14:55,173 - Velocimacro : initialization starting.
2014-01-22 12:14:55,173 - Velocimacro : adding VMs from VM library template : VM_global_library.vm
2014-01-22 12:14:55,177 - ResourceManager : unable to find resource 'VM_global_library.vm' in any resource loader.
2014-01-22 12:14:55,177 - Velocimacro : error using  VM library template VM_global_library.vm : org.apache.velocity.exception.ResourceNotFoundException: Unable to find resource 'VM_global_library.vm'
2014-01-22 12:14:55,177 - Velocimacro :  VM library template macro registration complete.
2014-01-22 12:14:55,178 - Velocimacro : allowInline = true : VMs can be defined inline in templates
2014-01-22 12:14:55,178 - Velocimacro : allowInlineToOverride = false : VMs defined inline may NOT replace previous VM definitions
2014-01-22 12:14:55,178 - Velocimacro : allowInlineLocal = false : VMs defined inline will be  global in scope if allowed.
2014-01-22 12:14:55,178 - Velocimacro : messages on  : VM system will output logging messages
2014-01-22 12:14:55,178 - Velocimacro : autoload off  : VM system will not automatically reload global library macros
2014-01-22 12:14:55,178 - Velocimacro : initialization complete.
2014-01-22 12:14:55,178 - Velocity successfully started.
2014-01-22 12:17:13,831 - SimpleLog4JLogSystem initialized using logfile 'velocity.log'
2014-01-22 12:17:13,832 - ************************************************************** 
2014-01-22 12:17:13,832 - Starting Jakarta Velocity v1.4
2014-01-22 12:17:13,832 - RuntimeInstance initializing.
2014-01-22 12:17:13,832 - Default Properties File: org\apache\velocity\runtime\defaults\velocity.properties
2014-01-22 12:17:13,832 - Trying to use logger class org.apache.velocity.runtime.log.SimpleLog4JLogSystem
2014-01-22 12:17:13,832 - Using logger class org.apache.velocity.runtime.log.SimpleLog4JLogSystem
2014-01-22 12:17:13,834 - Default ResourceManager initializing. (class org.apache.velocity.runtime.resource.ResourceManagerImpl)
2014-01-22 12:17:13,836 - Resource Loader Instantiated: org.apache.velocity.runtime.resource.loader.ClasspathResourceLoader
2014-01-22 12:17:13,836 - ClasspathResourceLoader : initialization starting.
2014-01-22 12:17:13,836 - ClasspathResourceLoader : initialization complete.
2014-01-22 12:17:13,837 - ResourceCache : initialized. (class org.apache.velocity.runtime.resource.ResourceCacheImpl)
2014-01-22 12:17:13,837 - Default ResourceManager initialization complete.
2014-01-22 12:17:13,838 - Loaded System Directive: org.apache.velocity.runtime.directive.Literal
2014-01-22 12:17:13,839 - Loaded System Directive: org.apache.velocity.runtime.directive.Macro
2014-01-22 12:17:13,841 - Loaded System Directive: org.apache.velocity.runtime.directive.Parse
2014-01-22 12:17:13,842 - Loaded System Directive: org.apache.velocity.runtime.directive.Include
2014-01-22 12:17:13,843 - Loaded System Directive: org.apache.velocity.runtime.directive.Foreach
2014-01-22 12:17:13,862 - Created: 20 parsers.
2014-01-22 12:17:13,868 - Velocimacro : initialization starting.
2014-01-22 12:17:13,868 - Velocimacro : adding VMs from VM library template : VM_global_library.vm
2014-01-22 12:17:13,872 - ResourceManager : unable to find resource 'VM_global_library.vm' in any resource loader.
2014-01-22 12:17:13,872 - Velocimacro : error using  VM library template VM_global_library.vm : org.apache.velocity.exception.ResourceNotFoundException: Unable to find resource 'VM_global_library.vm'
2014-01-22 12:17:13,872 - Velocimacro :  VM library template macro registration complete.
2014-01-22 12:17:13,872 - Velocimacro : allowInline = true : VMs can be defined inline in templates
2014-01-22 12:17:13,872 - Velocimacro : allowInlineToOverride = false : VMs defined inline may NOT replace previous VM definitions
2014-01-22 12:17:13,872 - Velocimacro : allowInlineLocal = false : VMs defined inline will be  global in scope if allowed.
2014-01-22 12:17:13,872 - Velocimacro : messages on  : VM system will output logging messages
2014-01-22 12:17:13,872 - Velocimacro : autoload off  : VM system will not automatically reload global library macros
2014-01-22 12:17:13,872 - Velocimacro : initialization complete.
2014-01-22 12:17:13,872 - Velocity successfully started.
2014-01-22 12:21:19,095 - SimpleLog4JLogSystem initialized using logfile 'velocity.log'
2014-01-22 12:21:19,095 - ************************************************************** 
2014-01-22 12:21:19,095 - Starting Jakarta Velocity v1.4
2014-01-22 12:21:19,095 - RuntimeInstance initializing.
2014-01-22 12:21:19,095 - Default Properties File: org\apache\velocity\runtime\defaults\velocity.properties
2014-01-22 12:21:19,095 - Trying to use logger class org.apache.velocity.runtime.log.SimpleLog4JLogSystem
2014-01-22 12:21:19,095 - Using logger class org.apache.velocity.runtime.log.SimpleLog4JLogSystem
2014-01-22 12:21:19,097 - Default ResourceManager initializing. (class org.apache.velocity.runtime.resource.ResourceManagerImpl)
2014-01-22 12:21:19,099 - Resource Loader Instantiated: org.apache.velocity.runtime.resource.loader.ClasspathResourceLoader
2014-01-22 12:21:19,099 - ClasspathResourceLoader : initialization starting.
2014-01-22 12:21:19,099 - ClasspathResourceLoader : initialization complete.
2014-01-22 12:21:19,100 - ResourceCache : initialized. (class org.apache.velocity.runtime.resource.ResourceCacheImpl)
2014-01-22 12:21:19,100 - Default ResourceManager initialization complete.
2014-01-22 12:21:19,101 - Loaded System Directive: org.apache.velocity.runtime.directive.Literal
2014-01-22 12:21:19,103 - Loaded System Directive: org.apache.velocity.runtime.directive.Macro
2014-01-22 12:21:19,104 - Loaded System Directive: org.apache.velocity.runtime.directive.Parse
2014-01-22 12:21:19,106 - Loaded System Directive: org.apache.velocity.runtime.directive.Include
2014-01-22 12:21:19,106 - Loaded System Directive: org.apache.velocity.runtime.directive.Foreach
2014-01-22 12:21:19,125 - Created: 20 parsers.
2014-01-22 12:21:19,131 - Velocimacro : initialization starting.
2014-01-22 12:21:19,131 - Velocimacro : adding VMs from VM library template : VM_global_library.vm
2014-01-22 12:21:19,135 - ResourceManager : unable to find resource 'VM_global_library.vm' in any resource loader.
2014-01-22 12:21:19,135 - Velocimacro : error using  VM library template VM_global_library.vm : org.apache.velocity.exception.ResourceNotFoundException: Unable to find resource 'VM_global_library.vm'
2014-01-22 12:21:19,135 - Velocimacro :  VM library template macro registration complete.
2014-01-22 12:21:19,135 - Velocimacro : allowInline = true : VMs can be defined inline in templates
2014-01-22 12:21:19,135 - Velocimacro : allowInlineToOverride = false : VMs defined inline may NOT replace previous VM definitions
2014-01-22 12:21:19,135 - Velocimacro : allowInlineLocal = false : VMs defined inline will be  global in scope if allowed.
2014-01-22 12:21:19,135 - Velocimacro : messages on  : VM system will output logging messages
2014-01-22 12:21:19,135 - Velocimacro : autoload off  : VM system will not automatically reload global library macros
2014-01-22 12:21:19,135 - Velocimacro : initialization complete.
2014-01-22 12:21:19,135 - Velocity successfully started.
2014-01-22 12:30:24,971 - SimpleLog4JLogSystem initialized using logfile 'velocity.log'
2014-01-22 12:30:24,971 - ************************************************************** 
2014-01-22 12:30:24,971 - Starting Jakarta Velocity v1.4
2014-01-22 12:30:24,971 - RuntimeInstance initializing.
2014-01-22 12:30:24,971 - Default Properties File: org\apache\velocity\runtime\defaults\velocity.properties
2014-01-22 12:30:24,971 - Trying to use logger class org.apache.velocity.runtime.log.SimpleLog4JLogSystem
2014-01-22 12:30:24,971 - Using logger class org.apache.velocity.runtime.log.SimpleLog4JLogSystem
2014-01-22 12:30:24,973 - Default ResourceManager initializing. (class org.apache.velocity.runtime.resource.ResourceManagerImpl)
2014-01-22 12:30:24,975 - Resource Loader Instantiated: org.apache.velocity.runtime.resource.loader.ClasspathResourceLoader
2014-01-22 12:30:24,975 - ClasspathResourceLoader : initialization starting.
2014-01-22 12:30:24,975 - ClasspathResourceLoader : initialization complete.
2014-01-22 12:30:24,976 - ResourceCache : initialized. (class org.apache.velocity.runtime.resource.ResourceCacheImpl)
2014-01-22 12:30:24,976 - Default ResourceManager initialization complete.
2014-01-22 12:30:24,977 - Loaded System Directive: org.apache.velocity.runtime.directive.Literal
2014-01-22 12:30:24,979 - Loaded System Directive: org.apache.velocity.runtime.directive.Macro
2014-01-22 12:30:24,980 - Loaded System Directive: org.apache.velocity.runtime.directive.Parse
2014-01-22 12:30:24,982 - Loaded System Directive: org.apache.velocity.runtime.directive.Include
2014-01-22 12:30:24,982 - Loaded System Directive: org.apache.velocity.runtime.directive.Foreach
2014-01-22 12:30:25,001 - Created: 20 parsers.
2014-01-22 12:30:25,007 - Velocimacro : initialization starting.
2014-01-22 12:30:25,007 - Velocimacro : adding VMs from VM library template : VM_global_library.vm
2014-01-22 12:30:25,011 - ResourceManager : unable to find resource 'VM_global_library.vm' in any resource loader.
2014-01-22 12:30:25,011 - Velocimacro : error using  VM library template VM_global_library.vm : org.apache.velocity.exception.ResourceNotFoundException: Unable to find resource 'VM_global_library.vm'
2014-01-22 12:30:25,011 - Velocimacro :  VM library template macro registration complete.
2014-01-22 12:30:25,011 - Velocimacro : allowInline = true : VMs can be defined inline in templates
2014-01-22 12:30:25,011 - Velocimacro : allowInlineToOverride = false : VMs defined inline may NOT replace previous VM definitions
2014-01-22 12:30:25,012 - Velocimacro : allowInlineLocal = false : VMs defined inline will be  global in scope if allowed.
2014-01-22 12:30:25,012 - Velocimacro : messages on  : VM system will output logging messages
2014-01-22 12:30:25,012 - Velocimacro : autoload off  : VM system will not automatically reload global library macros
2014-01-22 12:30:25,012 - Velocimacro : initialization complete.
2014-01-22 12:30:25,012 - Velocity successfully started.
2014-01-22 12:34:26,890 - ResourceManager : found repast/simphony/scenario/Scenario.vt with loader org.apache.velocity.runtime.resource.loader.ClasspathResourceLoader
2014-01-22 12:34:33,328 - SimpleLog4JLogSystem initialized using logfile 'velocity.log'
2014-01-22 12:34:33,328 - ************************************************************** 
2014-01-22 12:34:33,328 - Starting Jakarta Velocity v1.4
2014-01-22 12:34:33,328 - RuntimeInstance initializing.
2014-01-22 12:34:33,328 - Default Properties File: org\apache\velocity\runtime\defaults\velocity.properties
2014-01-22 12:34:33,328 - Trying to use logger class org.apache.velocity.runtime.log.SimpleLog4JLogSystem
2014-01-22 12:34:33,328 - Using logger class org.apache.velocity.runtime.log.SimpleLog4JLogSystem
2014-01-22 12:34:33,330 - Default ResourceManager initializing. (class org.apache.velocity.runtime.resource.ResourceManagerImpl)
2014-01-22 12:34:33,332 - Resource Loader Instantiated: org.apache.velocity.runtime.resource.loader.ClasspathResourceLoader
2014-01-22 12:34:33,332 - ClasspathResourceLoader : initialization starting.
2014-01-22 12:34:33,332 - ClasspathResourceLoader : initialization complete.
2014-01-22 12:34:33,333 - ResourceCache : initialized. (class org.apache.velocity.runtime.resource.ResourceCacheImpl)
2014-01-22 12:34:33,334 - Default ResourceManager initialization complete.
2014-01-22 12:34:33,335 - Loaded System Directive: org.apache.velocity.runtime.directive.Literal
2014-01-22 12:34:33,336 - Loaded System Directive: org.apache.velocity.runtime.directive.Macro
2014-01-22 12:34:33,338 - Loaded System Directive: org.apache.velocity.runtime.directive.Parse
2014-01-22 12:34:33,339 - Loaded System Directive: org.apache.velocity.runtime.directive.Include
2014-01-22 12:34:33,340 - Loaded System Directive: org.apache.velocity.runtime.directive.Foreach
2014-01-22 12:34:33,359 - Created: 20 parsers.
2014-01-22 12:34:33,364 - Velocimacro : initialization starting.
2014-01-22 12:34:33,364 - Velocimacro : adding VMs from VM library template : VM_global_library.vm
2014-01-22 12:34:33,369 - ResourceManager : unable to find resource 'VM_global_library.vm' in any resource loader.
2014-01-22 12:34:33,369 - Velocimacro : error using  VM library template VM_global_library.vm : org.apache.velocity.exception.ResourceNotFoundException: Unable to find resource 'VM_global_library.vm'
2014-01-22 12:34:33,369 - Velocimacro :  VM library template macro registration complete.
2014-01-22 12:34:33,369 - Velocimacro : allowInline = true : VMs can be defined inline in templates
2014-01-22 12:34:33,369 - Velocimacro : allowInlineToOverride = false : VMs defined inline may NOT replace previous VM definitions
2014-01-22 12:34:33,369 - Velocimacro : allowInlineLocal = false : VMs defined inline will be  global in scope if allowed.
2014-01-22 12:34:33,369 - Velocimacro : messages on  : VM system will output logging messages
2014-01-22 12:34:33,369 - Velocimacro : autoload off  : VM system will not automatically reload global library macros
2014-01-22 12:34:33,369 - Velocimacro : initialization complete.
2014-01-22 12:34:33,369 - Velocity successfully started.
2014-01-22 12:35:54,680 - SimpleLog4JLogSystem initialized using logfile 'velocity.log'
2014-01-22 12:35:54,680 - ************************************************************** 
2014-01-22 12:35:54,680 - Starting Jakarta Velocity v1.4
2014-01-22 12:35:54,680 - RuntimeInstance initializing.
2014-01-22 12:35:54,680 - Default Properties File: org\apache\velocity\runtime\defaults\velocity.properties
2014-01-22 12:35:54,680 - Trying to use logger class org.apache.velocity.runtime.log.SimpleLog4JLogSystem
2014-01-22 12:35:54,680 - Using logger class org.apache.velocity.runtime.log.SimpleLog4JLogSystem
2014-01-22 12:35:54,683 - Default ResourceManager initializing. (class org.apache.velocity.runtime.resource.ResourceManagerImpl)
2014-01-22 12:35:54,684 - Resource Loader Instantiated: org.apache.velocity.runtime.resource.loader.ClasspathResourceLoader
2014-01-22 12:35:54,684 - ClasspathResourceLoader : initialization starting.
2014-01-22 12:35:54,684 - ClasspathResourceLoader : initialization complete.
2014-01-22 12:35:54,686 - ResourceCache : initialized. (class org.apache.velocity.runtime.resource.ResourceCacheImpl)
2014-01-22 12:35:54,686 - Default ResourceManager initialization complete.
2014-01-22 12:35:54,687 - Loaded System Directive: org.apache.velocity.runtime.directive.Literal
2014-01-22 12:35:54,688 - Loaded System Directive: org.apache.velocity.runtime.directive.Macro
2014-01-22 12:35:54,690 - Loaded System Directive: org.apache.velocity.runtime.directive.Parse
2014-01-22 12:35:54,691 - Loaded System Directive: org.apache.velocity.runtime.directive.Include
2014-01-22 12:35:54,692 - Loaded System Directive: org.apache.velocity.runtime.directive.Foreach
2014-01-22 12:35:54,711 - Created: 20 parsers.
2014-01-22 12:35:54,716 - Velocimacro : initialization starting.
2014-01-22 12:35:54,716 - Velocimacro : adding VMs from VM library template : VM_global_library.vm
2014-01-22 12:35:54,721 - ResourceManager : unable to find resource 'VM_global_library.vm' in any resource loader.
2014-01-22 12:35:54,721 - Velocimacro : error using  VM library template VM_global_library.vm : org.apache.velocity.exception.ResourceNotFoundException: Unable to find resource 'VM_global_library.vm'
2014-01-22 12:35:54,721 - Velocimacro :  VM library template macro registration complete.
2014-01-22 12:35:54,721 - Velocimacro : allowInline = true : VMs can be defined inline in templates
2014-01-22 12:35:54,721 - Velocimacro : allowInlineToOverride = false : VMs defined inline may NOT replace previous VM definitions
2014-01-22 12:35:54,721 - Velocimacro : allowInlineLocal = false : VMs defined inline will be  global in scope if allowed.
2014-01-22 12:35:54,721 - Velocimacro : messages on  : VM system will output logging messages
2014-01-22 12:35:54,721 - Velocimacro : autoload off  : VM system will not automatically reload global library macros
2014-01-22 12:35:54,721 - Velocimacro : initialization complete.
2014-01-22 12:35:54,721 - Velocity successfully started.
2014-01-22 12:36:08,084 - ResourceManager : found repast/simphony/scenario/Scenario.vt with loader org.apache.velocity.runtime.resource.loader.ClasspathResourceLoader
2014-01-22 12:36:16,603 - SimpleLog4JLogSystem initialized using logfile 'velocity.log'
2014-01-22 12:36:16,604 - ************************************************************** 
2014-01-22 12:36:16,604 - Starting Jakarta Velocity v1.4
2014-01-22 12:36:16,604 - RuntimeInstance initializing.
2014-01-22 12:36:16,604 - Default Properties File: org\apache\velocity\runtime\defaults\velocity.properties
2014-01-22 12:36:16,604 - Trying to use logger class org.apache.velocity.runtime.log.SimpleLog4JLogSystem
2014-01-22 12:36:16,604 - Using logger class org.apache.velocity.runtime.log.SimpleLog4JLogSystem
2014-01-22 12:36:16,606 - Default ResourceManager initializing. (class org.apache.velocity.runtime.resource.ResourceManagerImpl)
2014-01-22 12:36:16,608 - Resource Loader Instantiated: org.apache.velocity.runtime.resource.loader.ClasspathResourceLoader
2014-01-22 12:36:16,608 - ClasspathResourceLoader : initialization starting.
2014-01-22 12:36:16,608 - ClasspathResourceLoader : initialization complete.
2014-01-22 12:36:16,609 - ResourceCache : initialized. (class org.apache.velocity.runtime.resource.ResourceCacheImpl)
2014-01-22 12:36:16,609 - Default ResourceManager initialization complete.
2014-01-22 12:36:16,610 - Loaded System Directive: org.apache.velocity.runtime.directive.Literal
2014-01-22 12:36:16,612 - Loaded System Directive: org.apache.velocity.runtime.directive.Macro
2014-01-22 12:36:16,613 - Loaded System Directive: org.apache.velocity.runtime.directive.Parse
2014-01-22 12:36:16,615 - Loaded System Directive: org.apache.velocity.runtime.directive.Include
2014-01-22 12:36:16,615 - Loaded System Directive: org.apache.velocity.runtime.directive.Foreach
2014-01-22 12:36:16,634 - Created: 20 parsers.
2014-01-22 12:36:16,640 - Velocimacro : initialization starting.
2014-01-22 12:36:16,640 - Velocimacro : adding VMs from VM library template : VM_global_library.vm
2014-01-22 12:36:16,644 - ResourceManager : unable to find resource 'VM_global_library.vm' in any resource loader.
2014-01-22 12:36:16,645 - Velocimacro : error using  VM library template VM_global_library.vm : org.apache.velocity.exception.ResourceNotFoundException: Unable to find resource 'VM_global_library.vm'
2014-01-22 12:36:16,645 - Velocimacro :  VM library template macro registration complete.
2014-01-22 12:36:16,645 - Velocimacro : allowInline = true : VMs can be defined inline in templates
2014-01-22 12:36:16,645 - Velocimacro : allowInlineToOverride = false : VMs defined inline may NOT replace previous VM definitions
2014-01-22 12:36:16,645 - Velocimacro : allowInlineLocal = false : VMs defined inline will be  global in scope if allowed.
2014-01-22 12:36:16,645 - Velocimacro : messages on  : VM system will output logging messages
2014-01-22 12:36:16,645 - Velocimacro : autoload off  : VM system will not automatically reload global library macros
2014-01-22 12:36:16,645 - Velocimacro : initialization complete.
2014-01-22 12:36:16,645 - Velocity successfully started.
